  Game.cpp
C:\Users\HP\OneDrive - KMITL\[-CE-KMITL65\Semester1\PRO-FUNDAMENTAL , PRO-PROJECT\ProJ-GameC++\Mygame\Mygame\Game.cpp(102,43): warning C4267: '=': conversion from 'size_t' to 'int', possible loss of data
C:\Users\HP\OneDrive - KMITL\[-CE-KMITL65\Semester1\PRO-FUNDAMENTAL , PRO-PROJECT\ProJ-GameC++\Mygame\Mygame\Game.cpp(138,96): warning C4244: 'argument': conversion from 'double' to 'float', possible loss of data
C:\Users\HP\OneDrive - KMITL\[-CE-KMITL65\Semester1\PRO-FUNDAMENTAL , PRO-PROJECT\ProJ-GameC++\Mygame\Mygame\Game.cpp(143,95): warning C4244: 'argument': conversion from 'T' to 'float', possible loss of data
          with
          [
              T=unsigned int
          ]
C:\Users\HP\OneDrive - KMITL\[-CE-KMITL65\Semester1\PRO-FUNDAMENTAL , PRO-PROJECT\ProJ-GameC++\Mygame\Mygame\Game.cpp(149,35): warning C4305: 'argument': truncation from 'double' to 'float'
C:\Users\HP\OneDrive - KMITL\[-CE-KMITL65\Semester1\PRO-FUNDAMENTAL , PRO-PROJECT\ProJ-GameC++\Mygame\Mygame\Game.cpp(154,35): warning C4305: 'argument': truncation from 'double' to 'float'
C:\Users\HP\OneDrive - KMITL\[-CE-KMITL65\Semester1\PRO-FUNDAMENTAL , PRO-PROJECT\ProJ-GameC++\Mygame\Mygame\Game.cpp(163,47): warning C4305: 'argument': truncation from 'double' to 'float'
C:\Users\HP\OneDrive - KMITL\[-CE-KMITL65\Semester1\PRO-FUNDAMENTAL , PRO-PROJECT\ProJ-GameC++\Mygame\Mygame\Game.cpp(168,47): warning C4305: 'argument': truncation from 'double' to 'float'
C:\Users\HP\OneDrive - KMITL\[-CE-KMITL65\Semester1\PRO-FUNDAMENTAL , PRO-PROJECT\ProJ-GameC++\Mygame\Mygame\Game.cpp(173,47): warning C4305: 'argument': truncation from 'double' to 'float'
C:\Users\HP\OneDrive - KMITL\[-CE-KMITL65\Semester1\PRO-FUNDAMENTAL , PRO-PROJECT\ProJ-GameC++\Mygame\Mygame\Game.cpp(178,47): warning C4305: 'argument': truncation from 'double' to 'float'
C:\Users\HP\OneDrive - KMITL\[-CE-KMITL65\Semester1\PRO-FUNDAMENTAL , PRO-PROJECT\ProJ-GameC++\Mygame\Mygame\Game.cpp(183,47): warning C4305: 'argument': truncation from 'double' to 'float'
C:\Users\HP\OneDrive - KMITL\[-CE-KMITL65\Semester1\PRO-FUNDAMENTAL , PRO-PROJECT\ProJ-GameC++\Mygame\Mygame\Game.cpp(188,45): warning C4305: 'argument': truncation from 'double' to 'float'
C:\Users\HP\OneDrive - KMITL\[-CE-KMITL65\Semester1\PRO-FUNDAMENTAL , PRO-PROJECT\ProJ-GameC++\Mygame\Mygame\Game.cpp(193,44): warning C4305: 'argument': truncation from 'double' to 'float'
C:\Users\HP\OneDrive - KMITL\[-CE-KMITL65\Semester1\PRO-FUNDAMENTAL , PRO-PROJECT\ProJ-GameC++\Mygame\Mygame\Game.cpp(200,32): warning C4305: 'argument': truncation from 'double' to 'float'
C:\Users\HP\OneDrive - KMITL\[-CE-KMITL65\Semester1\PRO-FUNDAMENTAL , PRO-PROJECT\ProJ-GameC++\Mygame\Mygame\Game.cpp(205,54): warning C4244: 'argument': conversion from 'double' to 'T', possible loss of data
          with
          [
              T=int
          ]
C:\Users\HP\OneDrive - KMITL\[-CE-KMITL65\Semester1\PRO-FUNDAMENTAL , PRO-PROJECT\ProJ-GameC++\Mygame\Mygame\Game.cpp(205,48): warning C4244: 'argument': conversion from 'double' to 'T', possible loss of data
          with
          [
              T=int
          ]
C:\Users\HP\OneDrive - KMITL\[-CE-KMITL65\Semester1\PRO-FUNDAMENTAL , PRO-PROJECT\ProJ-GameC++\Mygame\Mygame\Game.cpp(205,37): warning C4244: 'argument': conversion from 'float' to 'T', possible loss of data
          with
          [
              T=int
          ]
C:\Users\HP\OneDrive - KMITL\[-CE-KMITL65\Semester1\PRO-FUNDAMENTAL , PRO-PROJECT\ProJ-GameC++\Mygame\Mygame\Game.cpp(207,32): warning C4305: 'argument': truncation from 'double' to 'float'
C:\Users\HP\OneDrive - KMITL\[-CE-KMITL65\Semester1\PRO-FUNDAMENTAL , PRO-PROJECT\ProJ-GameC++\Mygame\Mygame\Game.cpp(235,31): warning C4305: 'argument': truncation from 'double' to 'float'
C:\Users\HP\OneDrive - KMITL\[-CE-KMITL65\Semester1\PRO-FUNDAMENTAL , PRO-PROJECT\ProJ-GameC++\Mygame\Mygame\Game.cpp(244,35): warning C4305: 'argument': truncation from 'double' to 'float'
C:\Users\HP\OneDrive - KMITL\[-CE-KMITL65\Semester1\PRO-FUNDAMENTAL , PRO-PROJECT\ProJ-GameC++\Mygame\Mygame\Game.cpp(261,31): warning C4305: 'argument': truncation from 'double' to 'float'
C:\Users\HP\OneDrive - KMITL\[-CE-KMITL65\Semester1\PRO-FUNDAMENTAL , PRO-PROJECT\ProJ-GameC++\Mygame\Mygame\Game.cpp(366,30): warning C4305: 'argument': truncation from 'double' to 'float'
C:\Users\HP\OneDrive - KMITL\[-CE-KMITL65\Semester1\PRO-FUNDAMENTAL , PRO-PROJECT\ProJ-GameC++\Mygame\Mygame\Game.cpp(617,22): warning C4305: '+=': truncation from 'double' to 'float'
C:\Users\HP\OneDrive - KMITL\[-CE-KMITL65\Semester1\PRO-FUNDAMENTAL , PRO-PROJECT\ProJ-GameC++\Mygame\Mygame\Game.cpp(619,55): warning C4244: 'argument': conversion from 'double' to 'T', possible loss of data
          with
          [
              T=int
          ]
C:\Users\HP\OneDrive - KMITL\[-CE-KMITL65\Semester1\PRO-FUNDAMENTAL , PRO-PROJECT\ProJ-GameC++\Mygame\Mygame\Game.cpp(619,49): warning C4244: 'argument': conversion from 'double' to 'T', possible loss of data
          with
          [
              T=int
          ]
C:\Users\HP\OneDrive - KMITL\[-CE-KMITL65\Semester1\PRO-FUNDAMENTAL , PRO-PROJECT\ProJ-GameC++\Mygame\Mygame\Game.cpp(619,38): warning C4244: 'argument': conversion from 'float' to 'T', possible loss of data
          with
          [
              T=int
          ]
  Mygame.vcxproj -> C:\Users\HP\OneDrive - KMITL\[-CE-KMITL65\Semester1\PRO-FUNDAMENTAL , PRO-PROJECT\ProJ-GameC++\Mygame\x64\Debug\Mygame.exe
